<?xml version="1.0" encoding="UTF-8"?>
<!-- Generated by org.testng.reporters.JUnitReportReporter -->
<testsuite hostname="Aswinikumars-MacBook-Pro.local" name="com.twc.ios.app.testcases.AndroidRegressionTest" tests="3" failures="0" timestamp="3 Jan 2023 09:45:49 GMT" time="996.795" errors="0">
  <testcase name="checkPremiumSubsriptionMonthlyExpiry" time="619.720" classname="com.twc.ios.app.testcases.AndroidRegressionTest"/>
  <testcase name="enablePremiumSubsription" time="311.820" classname="com.twc.ios.app.testcases.AndroidRegressionTest"/>
  <testcase name="beforeTest" time="65.255" classname="com.twc.ios.app.testcases.AndroidRegressionTest"/>
</testsuite> <!-- com.twc.ios.app.testcases.AndroidRegressionTest -->
