<?xml version="1.0" encoding="UTF-8"?>
<!-- Generated by org.testng.reporters.JUnitReportReporter -->
<testsuite hostname="Aswinikumars-MacBook-Pro.local" name="com.twc.ios.app.testcases.AndroidSmokeTest" tests="148" failures="3" timestamp="11 Jan 2023 15:27:56 GMT" time="3693.157" errors="0">
  <testcase name="Validate_Feed1_plat_Custom_param" time="0.567" classname="com.twc.ios.app.testcases.AndroidSmokeTest"/>
  <testcase name="Validate_DailyDetails_tf_Custom_param" time="0.533" classname="com.twc.ios.app.testcases.AndroidSmokeTest"/>
  <testcase name="Validate_daily_details_fcnd_Custom_param" time="0.999" classname="com.twc.ios.app.testcases.AndroidSmokeTest"/>
  <testcase name="Validate_DailyDetails_nzcs_Custom_param" time="0.096" classname="com.twc.ios.app.testcases.AndroidSmokeTest"/>
  <testcase name="Validate_Marquee_wind_Custom_param" time="1.088" classname="com.twc.ios.app.testcases.AndroidSmokeTest"/>
  <testcase name="Validate_Criteo_SDK_config_app_Call_sdkVersion_parameter" time="0.058" classname="com.twc.ios.app.testcases.AndroidSmokeTest"/>
  <testcase name="Validate_daily_details_mnth_Custom_param" time="0.486" classname="com.twc.ios.app.testcases.AndroidSmokeTest"/>
  <testcase name="Validate_Hourly_Details_BigAd2_Call_ltv_Custom_param" time="0.109" classname="com.twc.ios.app.testcases.AndroidSmokeTest"/>
  <testcase name="Validate_Feed1_tmpr_Custom_param" time="1.028" classname="com.twc.ios.app.testcases.AndroidSmokeTest"/>
  <testcase name="Verify_enable_preConditions_for_WeatherFx_API_Parameters" time="296.785" classname="com.twc.ios.app.testcases.AndroidSmokeTest"/>
  <testcase name="Verify_Feed_Calls" time="1883.011" classname="com.twc.ios.app.testcases.AndroidSmokeTest"/>
  <testcase name="Validate_Marquee_locale_Custom_param" time="1.134" classname="com.twc.ios.app.testcases.AndroidSmokeTest"/>
  <testcase name="validate_PreRollVideo_Call_content_url_parameter" time="0.058" classname="com.twc.ios.app.testcases.AndroidSmokeTest"/>
  <testcase name="Validate_Marquee_zip_Custom_param" time="1.139" classname="com.twc.ios.app.testcases.AndroidSmokeTest"/>
  <testcase name="Verify_Interstitial_Ad_Call" time="121.378" classname="com.twc.ios.app.testcases.AndroidSmokeTest"/>
  <testcase name="Verify_Health_Flu_ContentPage_AdCall" time="0.628" classname="com.twc.ios.app.testcases.AndroidSmokeTest"/>
  <testcase name="Validate_Marquee_ct_Custom_param" time="1.107" classname="com.twc.ios.app.testcases.AndroidSmokeTest"/>
  <testcase name="Validate_PreRollVideo_vid_Custom_param" time="0.059" classname="com.twc.ios.app.testcases.AndroidSmokeTest"/>
  <testcase name="Validate_Marquee_uv_Custom_param" time="0.999" classname="com.twc.ios.app.testcases.AndroidSmokeTest"/>
  <testcase name="Validate_Feed1_locale_Custom_param" time="1.083" classname="com.twc.ios.app.testcases.AndroidSmokeTest"/>
  <testcase name="Validate_MapDetails_nzcs_Custom_param" time="0.082" classname="com.twc.ios.app.testcases.AndroidSmokeTest"/>
  <testcase name="beforeTest" time="158.291" classname="com.twc.ios.app.testcases.AndroidSmokeTest"/>
  <testcase name="Verify_Health_BoatAndBeach_ContentPage_AdCall" time="0.552" classname="com.twc.ios.app.testcases.AndroidSmokeTest"/>
  <testcase name="Validate_Feed1_ltv_Custom_param" time="0.520" classname="com.twc.ios.app.testcases.AndroidSmokeTest"/>
  <testcase name="Validate_PreRollVideo_description_url_Custom_param" time="0.058" classname="com.twc.ios.app.testcases.AndroidSmokeTest"/>
  <testcase name="Validate_Feed1_zip_Custom_param" time="1.198" classname="com.twc.ios.app.testcases.AndroidSmokeTest"/>
  <testcase name="Validate_AllergyDetails_Spotlight_pos_Custom_param" time="0.505" classname="com.twc.ios.app.testcases.AndroidSmokeTest"/>
  <testcase name="Validate_Marquee_fltmpc_Custom_param" time="0.995" classname="com.twc.ios.app.testcases.AndroidSmokeTest"/>
  <testcase name="Validate_MapDetails_cxtg_Custom_param" time="0.104" classname="com.twc.ios.app.testcases.AndroidSmokeTest"/>
  <testcase name="Verify_AlertCenterAd" time="0.651" classname="com.twc.ios.app.testcases.AndroidSmokeTest"/>
  <testcase name="Validate_Feed1_aid_Custom_param" time="0.515" classname="com.twc.ios.app.testcases.AndroidSmokeTest"/>
  <testcase name="Validate_Health_Allergy_Spotlight_ltv_Custom_param" time="0.492" classname="com.twc.ios.app.testcases.AndroidSmokeTest"/>
  <testcase name="Validate_Daily_Details_ltv_Custom_param" time="0.106" classname="com.twc.ios.app.testcases.AndroidSmokeTest"/>
  <testcase name="Validate_Feed1_st_Custom_param" time="1.106" classname="com.twc.ios.app.testcases.AndroidSmokeTest"/>
  <testcase name="Validate_AirQuality_Details_ltv_Custom_param" time="0.511" classname="com.twc.ios.app.testcases.AndroidSmokeTest"/>
  <testcase name="Validate_DailyDetails_cxtg_Custom_param" time="0.099" classname="com.twc.ios.app.testcases.AndroidSmokeTest"/>
  <testcase name="Validate_MapDetails_zcs_Custom_param" time="0.098" classname="com.twc.ios.app.testcases.AndroidSmokeTest"/>
  <testcase name="Validate_IMA_SDK_version" time="0.058" classname="com.twc.ios.app.testcases.AndroidSmokeTest"/>
  <testcase name="Validate_HourlyDetails_zcs_Custom_param" time="0.095" classname="com.twc.ios.app.testcases.AndroidSmokeTest"/>
  <testcase name="Verify_Lotame_Call_On_KillAndLaunch" time="0.037" classname="com.twc.ios.app.testcases.AndroidSmokeTest"/>
  <testcase name="Validate_PreRollVideo_zcs_Custom_param" time="0.056" classname="com.twc.ios.app.testcases.AndroidSmokeTest"/>
  <testcase name="Verify_TurboAPI_Call_On_KillAndLaunch" time="0.028" classname="com.twc.ios.app.testcases.AndroidSmokeTest"/>
  <testcase name="Validate_Criteo_SDK_Initialization_API_Call_Response_Code" time="0.062" classname="com.twc.ios.app.testcases.AndroidSmokeTest"/>
  <testcase name="Validate_MapDetails_wfxtg_Custom_param" time="0.105" classname="com.twc.ios.app.testcases.AndroidSmokeTest"/>
  <testcase name="Validate_PreRollVideo_wfxtg_Custom_param" time="0.055" classname="com.twc.ios.app.testcases.AndroidSmokeTest"/>
  <testcase name="Validate_Feed1_tile_Custom_param" time="0.492" classname="com.twc.ios.app.testcases.AndroidSmokeTest"/>
  <testcase name="Validate_Marquee_ord_Custom_param" time="0.556" classname="com.twc.ios.app.testcases.AndroidSmokeTest"/>
  <testcase name="Verify_Hourly_Details_BigAd1_Adcall" time="538.545" classname="com.twc.ios.app.testcases.AndroidSmokeTest"/>
  <testcase name="Validate_Marquee_ver_Custom_param" time="0.508" classname="com.twc.ios.app.testcases.AndroidSmokeTest"/>
  <testcase name="Validate_Feed1_ct_Custom_param" time="1.019" classname="com.twc.ios.app.testcases.AndroidSmokeTest"/>
  <testcase name="Verify_Map_Details_mr_Custom_Parameter" time="82.076" classname="com.twc.ios.app.testcases.AndroidSmokeTest">
    <failure type="java.lang.AssertionError" message="Custom Parameter :mr value: 0 is not matched with the expected value 1">
      <![CDATA[java.lang.AssertionError: Custom Parameter :mr value: 0 is not matched with the expected value 1
	at org.testng.Assert.fail(Assert.java:94)
	at com.twc.ios.app.general.Utils.validate_custom_param_val_of_gampad(Utils.java:9429)
	at com.twc.ios.app.testcases.AndroidSmokeTest.Verify_Map_Details_mr_Custom_Parameter(AndroidSmokeTest.java:2244)
	at sun.reflect.NativeMethodAccessorImpl.invoke0(Native Method)
	at sun.reflect.NativeMethodAccessorImpl.invoke(NativeMethodAccessorImpl.java:62)
	at sun.reflect.DelegatingMethodAccessorImpl.invoke(DelegatingMethodAccessorImpl.java:43)
	at java.lang.reflect.Method.invoke(Method.java:498)
	at org.testng.internal.MethodInvocationHelper.invokeMethod(MethodInvocationHelper.java:86)
	at org.testng.internal.Invoker.invokeMethod(Invoker.java:643)
	at org.testng.internal.Invoker.invokeTestMethod(Invoker.java:820)
	at org.testng.internal.Invoker.invokeTestMethods(Invoker.java:1128)
	at org.testng.internal.TestMethodWorker.invokeTestMethods(TestMethodWorker.java:129)
	at org.testng.internal.TestMethodWorker.run(TestMethodWorker.java:112)
	at org.testng.TestRunner.privateRun(TestRunner.java:782)
	at org.testng.TestRunner.run(TestRunner.java:632)
	at org.testng.SuiteRunner.runTest(SuiteRunner.java:366)
	at org.testng.SuiteRunner.runSequentially(SuiteRunner.java:361)
	at org.testng.SuiteRunner.privateRun(SuiteRunner.java:319)
	at org.testng.SuiteRunner.run(SuiteRunner.java:268)
	at org.testng.SuiteRunnerWorker.runSuite(SuiteRunnerWorker.java:52)
	at org.testng.SuiteRunnerWorker.run(SuiteRunnerWorker.java:86)
	at org.testng.TestNG.runSuitesSequentially(TestNG.java:1244)
	at org.testng.TestNG.runSuitesLocally(TestNG.java:1169)
	at org.testng.TestNG.run(TestNG.java:1064)
	at org.testng.remote.AbstractRemoteTestNG.run(AbstractRemoteTestNG.java:115)
	at org.testng.remote.RemoteTestNG.initAndRun(RemoteTestNG.java:251)
	at org.testng.remote.RemoteTestNG.main(RemoteTestNG.java:77)
]]>
    </failure>
  </testcase> <!-- Verify_Map_Details_mr_Custom_Parameter -->
  <testcase name="Validate_AllergyDetails_Spotlight_Ad_Size" time="0.525" classname="com.twc.ios.app.testcases.AndroidSmokeTest"/>
  <testcase name="validate_Daily_Details_Ad_Call_content_url_parameter" time="0.508" classname="com.twc.ios.app.testcases.AndroidSmokeTest"/>
  <testcase name="Verify_Hourly_Details_mr_Custom_Parameter" time="68.980" classname="com.twc.ios.app.testcases.AndroidSmokeTest"/>
  <testcase name="validate_Sticky_Ad_Call_content_url_parameter" time="0.489" classname="com.twc.ios.app.testcases.AndroidSmokeTest"/>
  <testcase name="Validate_Health_Allergy_Articles_ltv_Custom_param" time="0.579" classname="com.twc.ios.app.testcases.AndroidSmokeTest"/>
  <testcase name="Validate_Marquee_dma_Custom_param" time="1.482" classname="com.twc.ios.app.testcases.AndroidSmokeTest"/>
  <testcase name="Validate_Marquee_tmpc_Custom_param" time="1.227" classname="com.twc.ios.app.testcases.AndroidSmokeTest"/>
  <testcase name="Validate_daily_details_fdynght_Custom_param" time="1.022" classname="com.twc.ios.app.testcases.AndroidSmokeTest"/>
  <testcase name="Validate_Marquee_tmp_Custom_param" time="1.189" classname="com.twc.ios.app.testcases.AndroidSmokeTest"/>
  <testcase name="validate_Marquee_sod_Custom_param" time="0.496" classname="com.twc.ios.app.testcases.AndroidSmokeTest"/>
  <testcase name="Validate_Feed1_h2o_Custom_param" time="0.527" classname="com.twc.ios.app.testcases.AndroidSmokeTest"/>
  <testcase name="validate_Feed1_Ad_Call_content_url_parameter" time="0.515" classname="com.twc.ios.app.testcases.AndroidSmokeTest"/>
  <testcase name="Validate_Criteo_SDK_Initialization_API_Call_Response_Parameter_remoteLogLevel" time="0.059" classname="com.twc.ios.app.testcases.AndroidSmokeTest"/>
  <testcase name="Validate_HourlyDetails_hzcs_Custom_param" time="0.099" classname="com.twc.ios.app.testcases.AndroidSmokeTest"/>
  <testcase name="Validate_Feed1_ord_Custom_param" time="0.495" classname="com.twc.ios.app.testcases.AndroidSmokeTest"/>
  <testcase name="Verify_Hourly_Details_BigAd2_Adcall" time="0.096" classname="com.twc.ios.app.testcases.AndroidSmokeTest"/>
  <testcase name="Validate_Criteo_SDK_Initialization_API_Call_Response_Parameter_prefetchOnInitEnabled" time="0.068" classname="com.twc.ios.app.testcases.AndroidSmokeTest"/>
  <testcase name="Validate_Health_Flu_ContentPage_ltv_Custom_param" time="0.624" classname="com.twc.ios.app.testcases.AndroidSmokeTest"/>
  <testcase name="validate_Sticky_Ad_mr_Custom_param" time="0.031" classname="com.twc.ios.app.testcases.AndroidSmokeTest"/>
  <testcase name="Validate_Marquee_hmid_Custom_param" time="0.989" classname="com.twc.ios.app.testcases.AndroidSmokeTest"/>
  <testcase name="Validate_Marquee_tile_Custom_param" time="0.555" classname="com.twc.ios.app.testcases.AndroidSmokeTest"/>
  <testcase name="Validate_MapDetails_ltv_Custom_param" time="0.530" classname="com.twc.ios.app.testcases.AndroidSmokeTest"/>
  <testcase name="Verify_SafetyAndPreparednessCard_AdCall" time="0.543" classname="com.twc.ios.app.testcases.AndroidSmokeTest"/>
  <testcase name="Validate_PreRollVideo_cmsid_Custom_param" time="0.054" classname="com.twc.ios.app.testcases.AndroidSmokeTest"/>
  <testcase name="Verify_Air_Quality_Details_AdCall" time="0.614" classname="com.twc.ios.app.testcases.AndroidSmokeTest"/>
  <testcase name="Validate_Feed1_uv_Custom_param" time="1.030" classname="com.twc.ios.app.testcases.AndroidSmokeTest"/>
  <testcase name="Validate_Marquee_ltv_Custom_param" time="0.487" classname="com.twc.ios.app.testcases.AndroidSmokeTest"/>
  <testcase name="kill_and_Launch_app_for_api_calls" time="36.581" classname="com.twc.ios.app.testcases.AndroidSmokeTest"/>
  <testcase name="validate_Map_Details_Ad_Call_content_url_parameter" time="0.534" classname="com.twc.ios.app.testcases.AndroidSmokeTest"/>
  <testcase name="Validate_Alert_Center_ltv_Custom_param" time="0.514" classname="com.twc.ios.app.testcases.AndroidSmokeTest"/>
  <testcase name="Validate_Hourly_Details_BigAd1_Call_ltv_Custom_param" time="0.120" classname="com.twc.ios.app.testcases.AndroidSmokeTest"/>
  <testcase name="Validate_daily_details_dt_Custom_param" time="0.555" classname="com.twc.ios.app.testcases.AndroidSmokeTest"/>
  <testcase name="Validate_Criteo_SDK_Initialization_API_Call_Response_Parameter_liveBiddingEnabled" time="0.061" classname="com.twc.ios.app.testcases.AndroidSmokeTest"/>
  <testcase name="Validate_Feed1_tmp_Custom_param" time="1.061" classname="com.twc.ios.app.testcases.AndroidSmokeTest"/>
  <testcase name="Validate_Feed1_tmpc_Custom_param" time="1.030" classname="com.twc.ios.app.testcases.AndroidSmokeTest"/>
  <testcase name="Verify_PrerollAd" time="123.981" classname="com.twc.ios.app.testcases.AndroidSmokeTest"/>
  <testcase name="Validate_Health_Allergy_ContentPage_ltv_Custom_param" time="0.479" classname="com.twc.ios.app.testcases.AndroidSmokeTest"/>
  <testcase name="Validate_Criteo_SDK_Bidder_API_Call_Response_Code" time="0.066" classname="com.twc.ios.app.testcases.AndroidSmokeTest"/>
  <testcase name="Validate_DailyDetails_hzcs_Custom_param" time="0.097" classname="com.twc.ios.app.testcases.AndroidSmokeTest"/>
  <testcase name="Validate_Marquee_cnd_Custom_param" time="1.067" classname="com.twc.ios.app.testcases.AndroidSmokeTest"/>
  <testcase name="Validate_DailyDetails_wfxtg_Custom_param" time="0.086" classname="com.twc.ios.app.testcases.AndroidSmokeTest"/>
  <testcase name="Verify_Seasonal_Hub_Details_AdCall" time="0.518" classname="com.twc.ios.app.testcases.AndroidSmokeTest"/>
  <testcase name="Validate_Marquee_h2o_Custom_param" time="0.545" classname="com.twc.ios.app.testcases.AndroidSmokeTest"/>
  <testcase name="Validate_Hourly_Details_BigAd3_Call_ltv_Custom_param" time="0.105" classname="com.twc.ios.app.testcases.AndroidSmokeTest"/>
  <testcase name="Validate_Marquee_dynght_Custom_param" time="0.994" classname="com.twc.ios.app.testcases.AndroidSmokeTest"/>
  <testcase name="Validate_Feed1_lang_Custom_param" time="0.492" classname="com.twc.ios.app.testcases.AndroidSmokeTest"/>
  <testcase name="Validate_SafetyAndPreparedness_ltv_Custom_param" time="0.490" classname="com.twc.ios.app.testcases.AndroidSmokeTest"/>
  <testcase name="Validate_Marquee_st_Custom_param" time="1.048" classname="com.twc.ios.app.testcases.AndroidSmokeTest"/>
  <testcase name="Validate_Feed1_hmid_Custom_param" time="1.006" classname="com.twc.ios.app.testcases.AndroidSmokeTest"/>
  <testcase name="validate_Marquee_mr_Custom_param" time="0.557" classname="com.twc.ios.app.testcases.AndroidSmokeTest"/>
  <testcase name="Verify_Homescreen_Adhesive_AdCall" time="0.755" classname="com.twc.ios.app.testcases.AndroidSmokeTest"/>
  <testcase name="Validate_HourlyDetails_cxtg_Custom_param" time="0.091" classname="com.twc.ios.app.testcases.AndroidSmokeTest"/>
  <testcase name="Verify_NextGen_IM_AdCall" time="0.651" classname="com.twc.ios.app.testcases.AndroidSmokeTest"/>
  <testcase name="Validate_HomeScreen_Call_tf_Custom_param" time="0.501" classname="com.twc.ios.app.testcases.AndroidSmokeTest"/>
  <testcase name="Verify_Health_Running_ContentPage_AdCall" time="0.502" classname="com.twc.ios.app.testcases.AndroidSmokeTest"/>
  <testcase name="Validate_Feed1_adid_Custom_param" time="0.548" classname="com.twc.ios.app.testcases.AndroidSmokeTest"/>
  <testcase name="Validate_Marquee_adid_Custom_param" time="0.538" classname="com.twc.ios.app.testcases.AndroidSmokeTest"/>
  <testcase name="Verify_TrendingPage_AdCall" time="0.609" classname="com.twc.ios.app.testcases.AndroidSmokeTest"/>
  <testcase name="Validate_Marquee_plat_Custom_param" time="0.536" classname="com.twc.ios.app.testcases.AndroidSmokeTest"/>
  <testcase name="Verify_Confiant_SDK_Calls" time="0.062" classname="com.twc.ios.app.testcases.AndroidSmokeTest">
    <failure type="java.lang.AssertionError" message="cdn.clarium.io/7HVJ0a2cSA4bM1_8xVpJwK0Gzc8/sdk/5.0.3/config.js?cb= call is not present in Charles session">
      <![CDATA[java.lang.AssertionError: cdn.clarium.io/7HVJ0a2cSA4bM1_8xVpJwK0Gzc8/sdk/5.0.3/config.js?cb= call is not present in Charles session
	at org.testng.Assert.fail(Assert.java:94)
	at com.twc.ios.app.general.Utils.verifyConfiantSDKInitializationCallsAndroid(Utils.java:10592)
	at com.twc.ios.app.testcases.AndroidSmokeTest.Verify_Confiant_SDK_Calls(AndroidSmokeTest.java:3129)
	at sun.reflect.NativeMethodAccessorImpl.invoke0(Native Method)
	at sun.reflect.NativeMethodAccessorImpl.invoke(NativeMethodAccessorImpl.java:62)
	at sun.reflect.DelegatingMethodAccessorImpl.invoke(DelegatingMethodAccessorImpl.java:43)
	at java.lang.reflect.Method.invoke(Method.java:498)
	at org.testng.internal.MethodInvocationHelper.invokeMethod(MethodInvocationHelper.java:86)
	at org.testng.internal.Invoker.invokeMethod(Invoker.java:643)
	at org.testng.internal.Invoker.invokeTestMethod(Invoker.java:820)
	at org.testng.internal.Invoker.invokeTestMethods(Invoker.java:1128)
	at org.testng.internal.TestMethodWorker.invokeTestMethods(TestMethodWorker.java:129)
	at org.testng.internal.TestMethodWorker.run(TestMethodWorker.java:112)
	at org.testng.TestRunner.privateRun(TestRunner.java:782)
	at org.testng.TestRunner.run(TestRunner.java:632)
	at org.testng.SuiteRunner.runTest(SuiteRunner.java:366)
	at org.testng.SuiteRunner.runSequentially(SuiteRunner.java:361)
	at org.testng.SuiteRunner.privateRun(SuiteRunner.java:319)
	at org.testng.SuiteRunner.run(SuiteRunner.java:268)
	at org.testng.SuiteRunnerWorker.runSuite(SuiteRunnerWorker.java:52)
	at org.testng.SuiteRunnerWorker.run(SuiteRunnerWorker.java:86)
	at org.testng.TestNG.runSuitesSequentially(TestNG.java:1244)
	at org.testng.TestNG.runSuitesLocally(TestNG.java:1169)
	at org.testng.TestNG.run(TestNG.java:1064)
	at org.testng.remote.AbstractRemoteTestNG.run(AbstractRemoteTestNG.java:115)
	at org.testng.remote.RemoteTestNG.initAndRun(RemoteTestNG.java:251)
	at org.testng.remote.RemoteTestNG.main(RemoteTestNG.java:77)
]]>
    </failure>
  </testcase> <!-- Verify_Confiant_SDK_Calls -->
  <testcase name="Validate_Marquee_lang_Custom_param" time="0.547" classname="com.twc.ios.app.testcases.AndroidSmokeTest"/>
  <testcase name="Validate_Feed1_wind_Custom_param" time="1.051" classname="com.twc.ios.app.testcases.AndroidSmokeTest"/>
  <testcase name="validate_Hourly_Details_BigAd3_Call_content_url_parameter" time="0.135" classname="com.twc.ios.app.testcases.AndroidSmokeTest"/>
  <testcase name="Validate_Feed1_ver_Custom_param" time="0.549" classname="com.twc.ios.app.testcases.AndroidSmokeTest"/>
  <testcase name="Verify_Health_Allergy_ContentPage_AdCall" time="0.548" classname="com.twc.ios.app.testcases.AndroidSmokeTest"/>
  <testcase name="Verify_AllergyDetails_Spotlight_AdCall" time="0.501" classname="com.twc.ios.app.testcases.AndroidSmokeTest"/>
  <testcase name="Validate_PreRollVideo_ttid_Custom_param" time="0.051" classname="com.twc.ios.app.testcases.AndroidSmokeTest"/>
  <testcase name="Validate_PreRollVideo_cxtg_Custom_param" time="0.056" classname="com.twc.ios.app.testcases.AndroidSmokeTest"/>
  <testcase name="Validate_Feed1_cnd_Custom_param" time="1.261" classname="com.twc.ios.app.testcases.AndroidSmokeTest"/>
  <testcase name="Validate_Amazon_SDK_adsdk_parameter" time="0.063" classname="com.twc.ios.app.testcases.AndroidSmokeTest"/>
  <testcase name="Validate_Interstitial_Ad_Call_pos_Custom_param" time="0.183" classname="com.twc.ios.app.testcases.AndroidSmokeTest"/>
  <testcase name="Validate_Marquee_tmpr_Custom_param" time="1.037" classname="com.twc.ios.app.testcases.AndroidSmokeTest"/>
  <testcase name="Verify_HourlyDetails_AdCall" time="0.689" classname="com.twc.ios.app.testcases.AndroidSmokeTest"/>
  <testcase name="Validate_Health_Flu_Articles_ltv_Custom_param" time="0.502" classname="com.twc.ios.app.testcases.AndroidSmokeTest"/>
  <testcase name="Verify_LocationWFXTriggers_Call_On_KillAndLaunch" time="0.029" classname="com.twc.ios.app.testcases.AndroidSmokeTest"/>
  <testcase name="Verify_WFXTriggers_Call_On_KillAndLaunch" time="0.028" classname="com.twc.ios.app.testcases.AndroidSmokeTest"/>
  <testcase name="Validate_GMA_SDK_version" time="0.031" classname="com.twc.ios.app.testcases.AndroidSmokeTest"/>
  <testcase name="validate_Hourly_Details_BigAd2_Call_content_url_parameter" time="0.149" classname="com.twc.ios.app.testcases.AndroidSmokeTest"/>
  <testcase name="Verify_MapsDetails_AdCall" time="0.591" classname="com.twc.ios.app.testcases.AndroidSmokeTest"/>
  <testcase name="Validate_HourlyDetails_wfxtg_Custom_param" time="0.225" classname="com.twc.ios.app.testcases.AndroidSmokeTest"/>
  <testcase name="Validate_Feed1_dma_Custom_param" time="1.092" classname="com.twc.ios.app.testcases.AndroidSmokeTest"/>
  <testcase name="validate_Hourly_Details_BigAd1_Call_content_url_parameter" time="0.102" classname="com.twc.ios.app.testcases.AndroidSmokeTest"/>
  <testcase name="Validate_Feed1_sod_Custom_param" time="0.510" classname="com.twc.ios.app.testcases.AndroidSmokeTest"/>
  <testcase name="Validate_Marquee_aid_Custom_param" time="0.496" classname="com.twc.ios.app.testcases.AndroidSmokeTest"/>
  <testcase name="Validate_DailyDetails_zcs_Custom_param" time="0.098" classname="com.twc.ios.app.testcases.AndroidSmokeTest"/>
  <testcase name="Validate_PreRollVideo_nzcs_Custom_param" time="0.061" classname="com.twc.ios.app.testcases.AndroidSmokeTest"/>
  <testcase name="Validate_Homescreen_Adhesive_ltv_Custom_param" time="0.509" classname="com.twc.ios.app.testcases.AndroidSmokeTest"/>
  <testcase name="Validate_HourlyDetails_nzcs_Custom_param" time="0.094" classname="com.twc.ios.app.testcases.AndroidSmokeTest"/>
  <testcase name="Validate_Criteo_SDK_Initialization_API_Call_Response_Parameter_csmEnabled" time="0.060" classname="com.twc.ios.app.testcases.AndroidSmokeTest"/>
  <testcase name="Validate_Feed1_fltmpc_Custom_param" time="1.110" classname="com.twc.ios.app.testcases.AndroidSmokeTest"/>
  <testcase name="Validate_MapDetails_hzcs_Custom_param" time="0.103" classname="com.twc.ios.app.testcases.AndroidSmokeTest"/>
  <testcase name="Validate_Feed1_mr_Custom_param" time="0.501" classname="com.twc.ios.app.testcases.AndroidSmokeTest"/>
  <testcase name="Validate_PreRollVideo_ref_Custom_param" time="0.056" classname="com.twc.ios.app.testcases.AndroidSmokeTest"/>
  <testcase name="Validate_PreRollVideo_hzcs_Custom_param" time="0.061" classname="com.twc.ios.app.testcases.AndroidSmokeTest">
    <failure type="java.lang.AssertionError" message="Custom parameter :hzcs not found/no value in ad call, hence Custom Parameter: hzcs validation skipped">
      <![CDATA[java.lang.AssertionError: Custom parameter :hzcs not found/no value in ad call, hence Custom Parameter: hzcs validation skipped
	at org.testng.Assert.fail(Assert.java:94)
	at com.twc.ios.app.general.Utils.validate_custom_param_val_of_gampad_with_zip(Utils.java:9755)
	at com.twc.ios.app.testcases.AndroidSmokeTest.Validate_PreRollVideo_hzcs_Custom_param(AndroidSmokeTest.java:2707)
	at sun.reflect.NativeMethodAccessorImpl.invoke0(Native Method)
	at sun.reflect.NativeMethodAccessorImpl.invoke(NativeMethodAccessorImpl.java:62)
	at sun.reflect.DelegatingMethodAccessorImpl.invoke(DelegatingMethodAccessorImpl.java:43)
	at java.lang.reflect.Method.invoke(Method.java:498)
	at org.testng.internal.MethodInvocationHelper.invokeMethod(MethodInvocationHelper.java:86)
	at org.testng.internal.Invoker.invokeMethod(Invoker.java:643)
	at org.testng.internal.Invoker.invokeTestMethod(Invoker.java:820)
	at org.testng.internal.Invoker.invokeTestMethods(Invoker.java:1128)
	at org.testng.internal.TestMethodWorker.invokeTestMethods(TestMethodWorker.java:129)
	at org.testng.internal.TestMethodWorker.run(TestMethodWorker.java:112)
	at org.testng.TestRunner.privateRun(TestRunner.java:782)
	at org.testng.TestRunner.run(TestRunner.java:632)
	at org.testng.SuiteRunner.runTest(SuiteRunner.java:366)
	at org.testng.SuiteRunner.runSequentially(SuiteRunner.java:361)
	at org.testng.SuiteRunner.privateRun(SuiteRunner.java:319)
	at org.testng.SuiteRunner.run(SuiteRunner.java:268)
	at org.testng.SuiteRunnerWorker.runSuite(SuiteRunnerWorker.java:52)
	at org.testng.SuiteRunnerWorker.run(SuiteRunnerWorker.java:86)
	at org.testng.TestNG.runSuitesSequentially(TestNG.java:1244)
	at org.testng.TestNG.runSuitesLocally(TestNG.java:1169)
	at org.testng.TestNG.run(TestNG.java:1064)
	at org.testng.remote.AbstractRemoteTestNG.run(AbstractRemoteTestNG.java:115)
	at org.testng.remote.RemoteTestNG.initAndRun(RemoteTestNG.java:251)
	at org.testng.remote.RemoteTestNG.main(RemoteTestNG.java:77)
]]>
    </failure>
  </testcase> <!-- Validate_PreRollVideo_hzcs_Custom_param -->
  <testcase name="Verify_Daily_Details_AdUnits" time="316.417" classname="com.twc.ios.app.testcases.AndroidSmokeTest"/>
  <testcase name="Verify_Hourly_Details_BigAd3_Adcall" time="0.099" classname="com.twc.ios.app.testcases.AndroidSmokeTest"/>
  <testcase name="Validate_Feed1_dynght_Custom_param" time="1.049" classname="com.twc.ios.app.testcases.AndroidSmokeTest"/>
</testsuite> <!-- com.twc.ios.app.testcases.AndroidSmokeTest -->
